<?xml version="1.0" encoding="UTF-8"?>
<!-- Generated by org.testng.reporters.JUnitReportReporter -->
<testsuite hostname="Rayhans-MacBook-Air.local" failures="0" tests="1" name="com.letcode.in_Test.ButtonClick_Test" time="5.578" errors="0" timestamp="2023-09-02T00:40:42 EDT" skipped="0">
  <testcase classname="com.letcode.in_Test.ButtonClick_Test" name="didbleButton" time="5.578"/>
</testsuite> <!-- com.letcode.in_Test.ButtonClick_Test -->
