<?xml version="1.0" encoding="UTF-8"?>
<!-- Generated by org.testng.reporters.JUnitReportReporter -->
<testsuite hostname="Rayhans-MacBook-Air.local" failures="0" tests="1" name="com.letcode.in_Test.Window_Test" time="7.156" errors="0" timestamp="2023-08-31T13:57:48 EDT" skipped="0">
  <testcase classname="com.letcode.in_Test.Window_Test" name="verifyingMultiwindow" time="7.156"/>
</testsuite> <!-- com.letcode.in_Test.Window_Test -->
