<?xml version="1.0" encoding="UTF-8"?>
<!-- Generated by org.testng.reporters.JUnitReportReporter -->
<testsuite hostname="Rayhans-MacBook-Air.local" failures="0" tests="1" name="com.letcode.in_Test.ShortData_Test" time="6.478" errors="0" timestamp="2023-09-02T19:58:04 EDT" skipped="0">
  <testcase classname="com.letcode.in_Test.ShortData_Test" name="verifyinghShortData" time="6.478"/>
</testsuite> <!-- com.letcode.in_Test.ShortData_Test -->
