<?xml version="1.0" encoding="UTF-8"?>
<!-- Generated by org.testng.reporters.JUnitReportReporter -->
<testsuite hostname="Rayhans-MacBook-Air.local" failures="0" tests="1" name="com.letcode.in_Test.InputPage_Test" time="4.260" errors="0" timestamp="2023-09-02T00:45:47 EDT" skipped="0">
  <testcase classname="com.letcode.in_Test.InputPage_Test" name="verifyingInputField" time="4.260"/>
</testsuite> <!-- com.letcode.in_Test.InputPage_Test -->
