<?xml version="1.0" encoding="UTF-8"?>
<!-- Generated by org.testng.reporters.JUnitReportReporter -->
<testsuite hostname="Rayhans-MacBook-Air.local" failures="0" tests="1" name="com.letcode.in_Test.ButtonClick_Test" time="3.358" errors="0" timestamp="2023-08-20T15:28:14 EDT" skipped="0">
  <testcase classname="com.letcode.in_Test.ButtonClick_Test" name="verifyingHoldButton" time="3.358"/>
</testsuite> <!-- com.letcode.in_Test.ButtonClick_Test -->
