<?xml version="1.0" encoding="UTF-8"?>
<!-- Generated by org.testng.reporters.JUnitReportReporter -->
<testsuite hostname="Rayhans-MacBook-Air.local" failures="0" tests="1" name="com.letcode.in_Test.Select_Test" time="4.734" errors="0" timestamp="2023-09-01T22:38:11 EDT" skipped="0">
  <testcase classname="com.letcode.in_Test.Select_Test" name="verifyingvisibletext" time="4.734"/>
</testsuite> <!-- com.letcode.in_Test.Select_Test -->
