<?xml version="1.0" encoding="UTF-8"?>
<!-- Generated by org.testng.reporters.JUnitReportReporter -->
<testsuite hostname="Rayhans-MacBook-Air.local" failures="0" tests="1" name="com.letcode.in_Test.RadioButton_Test" time="2.763" errors="0" timestamp="2023-08-30T22:13:50 EDT" skipped="0">
  <testcase classname="com.letcode.in_Test.RadioButton_Test" name="verifyingRadioButton" time="2.763"/>
</testsuite> <!-- com.letcode.in_Test.RadioButton_Test -->
