<?xml version="1.0" encoding="UTF-8"?>
<!-- Generated by org.testng.reporters.JUnitReportReporter -->
<testsuite hostname="Rayhans-MacBook-Air.local" failures="0" tests="3" name="com.letcode.in_Test.ButtonClick_Test" time="15.059" errors="0" timestamp="2023-09-02T01:10:44 EDT" skipped="0">
  <testcase classname="com.letcode.in_Test.ButtonClick_Test" name="didbleButton" time="4.832"/>
  <testcase classname="com.letcode.in_Test.ButtonClick_Test" name="veryfingGotoHomeButton" time="6.118"/>
  <testcase classname="com.letcode.in_Test.ButtonClick_Test" name="buttonHoldVerify" time="4.109"/>
</testsuite> <!-- com.letcode.in_Test.ButtonClick_Test -->
