<?xml version="1.0" encoding="UTF-8"?>
<!-- Generated by org.testng.reporters.JUnitReportReporter -->
<testsuite hostname="Rayhans-MacBook-Air.local" failures="0" tests="1" name="com.letcode.in_Test.Select_Test" time="2.517" errors="0" timestamp="2023-08-21T19:04:05 EDT" skipped="0">
  <testcase classname="com.letcode.in_Test.Select_Test" name="verifyingselectLastPrograme" time="2.517"/>
</testsuite> <!-- com.letcode.in_Test.Select_Test -->
